<?xml version="1.0" encoding="UTF-8"?>
<!-- Generated by org.testng.reporters.JUnitXMLReporter -->
<testsuite hostname="ua8916" ignored="0" name="Test" tests="1" failures="1" timestamp="27 Mar 2018 18:35:37 GMT" time="0.737" errors="0">
  <testcase name="login_as_admin" time="0.006" classname="TestCases.LogIn">
    <failure type="java.lang.NullPointerException">
      <![CDATA[java.lang.NullPointerException
at TestCases.LogIn.login_as_admin(LogIn.java:29)
... Removed 25 stack frames]]>
    </failure>
  </testcase> <!-- login_as_admin -->
</testsuite> <!-- Test -->
