<?xml version="1.0" encoding="UTF-8"?>
<testng-results skipped="0" failed="1" ignored="0" total="2" passed="1">
  <reporter-output>
  </reporter-output>
  <suite name="Default suite" duration-ms="9493" started-at="2018-04-23T14:00:38Z" finished-at="2018-04-23T14:00:47Z">
    <groups>
    </groups>
    <test name="Default test" duration-ms="9493" started-at="2018-04-23T14:00:38Z" finished-at="2018-04-23T14:00:47Z">
      <class name="TestCases.Administration_UM_create_user">
        <test-method status="PASS" signature="setup()[pri:0, instance:TestCases.Administration_UM_create_user@59f99ea]" name="setup" is-config="true" duration-ms="3949" started-at="2018-04-23T14:00:34Z" finished-at="2018-04-23T14:00:38Z">
          <reporter-output>
          </reporter-output>
        </test-method> <!-- setup -->
        <test-method status="PASS" signature="login_as_admin(java.lang.String, java.lang.String, java.lang.String, java.lang.String)[pri:0, instance:TestCases.Administration_UM_create_user@59f99ea]" name="login_as_admin" duration-ms="8708" started-at="2018-04-23T14:00:38Z" data-provider="userData" finished-at="2018-04-23T14:00:47Z">
          <params>
            <param index="0">
              <value>
                <![CDATA[ephoto]]>
              </value>
            </param>
            <param index="1">
              <value>
                <![CDATA[rtm]]>
              </value>
            </param>
            <param index="2">
              <value>
                <![CDATA[RM]]>
              </value>
            </param>
            <param index="3">
              <value>
                <![CDATA[RMDEMO]]>
              </value>
            </param>
          </params>
          <reporter-output>
          </reporter-output>
        </test-method> <!-- login_as_admin -->
        <test-method status="PASS" signature="afterMethod()[pri:0, instance:TestCases.Administration_UM_create_user@59f99ea]" name="afterMethod" is-config="true" duration-ms="1" started-at="2018-04-23T14:00:47Z" finished-at="2018-04-23T14:00:47Z">
          <reporter-output>
          </reporter-output>
        </test-method> <!-- afterMethod -->
        <test-method status="FAIL" signature="open_UM_User_Info()[pri:1, instance:TestCases.Administration_UM_create_user@59f99ea]" name="open_UM_User_Info" duration-ms="345" started-at="2018-04-23T14:00:47Z" finished-at="2018-04-23T14:00:47Z">
          <exception class="java.lang.NullPointerException">
            <full-stacktrace>
              <![CDATA[java.lang.NullPointerException
at TestCases.Administration_UM_create_user.open_UM_User_Info(Administration_UM_create_user.java:42)
at sun.reflect.NativeMethodAccessorImpl.invoke0(Native Method)
at sun.reflect.NativeMethodAccessorImpl.invoke(Unknown Source)
at sun.reflect.DelegatingMethodAccessorImpl.invoke(Unknown Source)
at java.lang.reflect.Method.invoke(Unknown Source)
at org.testng.internal.MethodInvocationHelper.invokeMethod(MethodInvocationHelper.java:124)
at org.testng.internal.Invoker.invokeMethod(Invoker.java:580)
at org.testng.internal.Invoker.invokeTestMethod(Invoker.java:716)
at org.testng.internal.Invoker.invokeTestMethods(Invoker.java:988)
at org.testng.internal.TestMethodWorker.invokeTestMethods(TestMethodWorker.java:125)
at org.testng.internal.TestMethodWorker.run(TestMethodWorker.java:109)
at org.testng.TestRunner.privateRun(TestRunner.java:648)
at org.testng.TestRunner.run(TestRunner.java:505)
at org.testng.SuiteRunner.runTest(SuiteRunner.java:455)
at org.testng.SuiteRunner.runSequentially(SuiteRunner.java:450)
at org.testng.SuiteRunner.privateRun(SuiteRunner.java:415)
at org.testng.SuiteRunner.run(SuiteRunner.java:364)
at org.testng.SuiteRunnerWorker.runSuite(SuiteRunnerWorker.java:52)
at org.testng.SuiteRunnerWorker.run(SuiteRunnerWorker.java:84)
at org.testng.TestNG.runSuitesSequentially(TestNG.java:1208)
at org.testng.TestNG.runSuitesLocally(TestNG.java:1137)
at org.testng.TestNG.runSuites(TestNG.java:1049)
at org.testng.TestNG.run(TestNG.java:1017)
at org.testng.remote.AbstractRemoteTestNG.run(AbstractRemoteTestNG.java:114)
at org.testng.remote.RemoteTestNG.initAndRun(RemoteTestNG.java:251)
at org.testng.remote.RemoteTestNG.main(RemoteTestNG.java:77)
]]>
            </full-stacktrace>
          </exception> <!-- java.lang.NullPointerException -->
          <reporter-output>
          </reporter-output>
        </test-method> <!-- open_UM_User_Info -->
        <test-method status="PASS" signature="afterMethod()[pri:0, instance:TestCases.Administration_UM_create_user@59f99ea]" name="afterMethod" is-config="true" duration-ms="0" started-at="2018-04-23T14:00:47Z" finished-at="2018-04-23T14:00:47Z">
          <reporter-output>
          </reporter-output>
        </test-method> <!-- afterMethod -->
        <test-method status="PASS" signature="teardown()[pri:0, instance:TestCases.Administration_UM_create_user@59f99ea]" name="teardown" is-config="true" duration-ms="1" started-at="2018-04-23T14:00:47Z" finished-at="2018-04-23T14:00:47Z">
          <reporter-output>
          </reporter-output>
        </test-method> <!-- teardown -->
      </class> <!-- TestCases.Administration_UM_create_user -->
    </test> <!-- Default test -->
  </suite> <!-- Default suite -->
</testng-results>
